============================= test session starts ==============================
platform linux -- Python 3.10.12, pytest-9.0.3, pluggy-1.6.0 -- /usr/bin/python3
cachedir: .pytest_cache
rootdir: /home/thach/Desktop/VIN_AI/day24/Day24-Track02-Lab-Assignment/medviet-governance
plugins: anyio-4.13.0, Faker-40.15.0, colcon-core-0.20.1, cov-3.0.0
collecting ... collected 6 items

tests/test_pii.py::TestPIIDetection::test_cccd_detected PASSED           [ 16%]
tests/test_pii.py::TestPIIDetection::test_phone_detected PASSED          [ 33%]
tests/test_pii.py::TestPIIDetection::test_email_detected PASSED          [ 50%]
tests/test_pii.py::TestPIIDetection::test_detection_rate_above_95_percent PASSED [ 66%]
tests/test_pii.py::TestAnonymization::test_pii_not_in_output PASSED      [ 83%]
tests/test_pii.py::TestAnonymization::test_non_pii_columns_unchanged PASSED [100%]

=============================== warnings summary ===============================
../../../../../.local/lib/python3.10/site-packages/typer/completion.py:122
  /home/thach/.local/lib/python3.10/site-packages/typer/completion.py:122: DeprecationWarning: 'BaseCommand' is deprecated and will be removed in Click 9.0. Use 'Command' instead.
    cli: click.BaseCommand,

../../../../../.local/lib/python3.10/site-packages/spacy/cli/_util.py:23
  /home/thach/.local/lib/python3.10/site-packages/spacy/cli/_util.py:23: DeprecationWarning: Importing 'parser.split_arg_string' is deprecated, it will only be available in 'shell_completion' in Click 9.0.
    from click.parser import split_arg_string

-- Docs: https://docs.pytest.org/en/stable/how-to/capture-warnings.html
======================== 6 passed, 2 warnings in 4.31s =========================
